<?xml version="1.0" encoding="UTF-8"?>
<!-- Generated by org.testng.reporters.JUnitReportReporter -->
<testsuite hostname="AsusA15" failures="0" tests="1" name="com.example.GmailTest" time="2.285" errors="0" timestamp="2025-06-29T19:23:25 IST" skipped="0">
  <testcase classname="com.example.GmailTest" name="openGmail" time="2.285"/>
</testsuite> <!-- com.example.GmailTest -->
