<?xml version="1.0" encoding="UTF-8"?>
<!-- Generated by org.testng.reporters.JUnitReportReporter -->
<testsuite hostname="AsusA15" failures="0" tests="1" name="com.example.GmailTest" time="1.633" errors="0" timestamp="2025-06-29T19:50:59 IST" skipped="0">
  <testcase classname="com.example.GmailTest" name="openGmail" time="1.633"/>
</testsuite> <!-- com.example.GmailTest -->
